<?xml version="1.0" encoding="UTF-8"?>
<!-- Generated by org.testng.reporters.JUnitReportReporter -->
<testsuite hostname="WIN-LAP-057" failures="0" tests="6" name="Fo.Login" time="8.698" errors="0" timestamp="2025-06-13T14:48:09 IST" skipped="0">
  <testcase classname="Fo.Login" name="testnegativelogin" time="1.297"/>
  <testcase classname="Fo.Login" name="testpositivepassword" time="1.389"/>
  <testcase classname="Fo.Login" name="testpositiveuserid" time="0.901"/>
  <testcase classname="Fo.Login" name="testloginpage" time="0.910"/>
  <testcase classname="Fo.Login" name="testnegativeuserid" time="0.933"/>
  <testcase classname="Fo.Login" name="testnegativepassword" time="3.268"/>
</testsuite> <!-- Fo.Login -->
